<?xml version="1.0" encoding="UTF-8"?>
<testng-results skipped="0" failed="0" ignored="0" total="1" passed="1">
  <reporter-output>
  </reporter-output>
  <suite name="Default suite" duration-ms="29721" started-at="2021-12-07T14:50:34Z" finished-at="2021-12-07T14:51:03Z">
    <groups>
    </groups>
    <test name="Default test" duration-ms="29721" started-at="2021-12-07T14:50:34Z" finished-at="2021-12-07T14:51:03Z">
      <class name="project_1.project_1.TC_Login">
        <test-method status="PASS" signature="login_test()[pri:0, instance:project_1.project_1.TC_Login@131276c2]" name="login_test" duration-ms="29691" started-at="2021-12-07T14:50:34Z" finished-at="2021-12-07T14:51:03Z">
          <reporter-output>
          </reporter-output>
        </test-method> <!-- login_test -->
      </class> <!-- project_1.project_1.TC_Login -->
    </test> <!-- Default test -->
  </suite> <!-- Default suite -->
</testng-results>
